build/outputs/logs/manifest-merger-debug-report.txt
-- Merging decision tree log ---
manifest
ADDED from src/main/AndroidManifest.xml:2:1-44:12
	package
		ADDED from src/main/AndroidManifest.xml:3:11-50
		INJECTED from src/main/AndroidManifest.xml
		INJECTED from src/main/AndroidManifest.xml
	android:versionName
		ADDED from src/main/AndroidManifest.xml:5:11-37
		INJECTED from src/main/AndroidManifest.xml
		INJECTED from src/main/AndroidManifest.xml
	android:versionCode
		ADDED from src/main/AndroidManifest.xml:4:11-36
		INJECTED from src/main/AndroidManifest.xml
		INJECTED from src/main/AndroidManifest.xml
	xmlns:android
		ADDED from src/main/AndroidManifest.xml:2:11-69
application
ADDED from src/main/AndroidManifest.xml:7:5-21:19
	android:label
		ADDED from src/main/AndroidManifest.xml:8:9-41
	android:icon
		ADDED from src/main/AndroidManifest.xml:9:9-38
	android:theme
		ADDED from src/main/AndroidManifest.xml:10:9-67
activity#org.opencv.samples.facedetect.FdActivity
ADDED from src/main/AndroidManifest.xml:12:9-20:20
	android:screenOrientation
		ADDED from src/main/AndroidManifest.xml:14:19-56
	android:label
		ADDED from src/main/AndroidManifest.xml:13:19-51
	android:configChanges
		ADDED from src/main/AndroidManifest.xml:15:19-69
	android:name
		ADDED from src/main/AndroidManifest.xml:12:19-74
intent-filter#android.intent.action.MAIN+android.intent.category.LAUNCHER
ADDED from src/main/AndroidManifest.xml:16:13-19:29
action#android.intent.action.MAIN
ADDED from src/main/AndroidManifest.xml:17:17-69
	android:name
		ADDED from src/main/AndroidManifest.xml:17:25-66
category#android.intent.category.LAUNCHER
ADDED from src/main/AndroidManifest.xml:18:17-77
	android:name
		ADDED from src/main/AndroidManifest.xml:18:27-74
supports-screens
ADDED from src/main/AndroidManifest.xml:23:5-27:51
	android:largeScreens
		ADDED from src/main/AndroidManifest.xml:26:23-50
	android:smallScreens
		ADDED from src/main/AndroidManifest.xml:24:23-50
	android:normalScreens
		ADDED from src/main/AndroidManifest.xml:25:23-51
	android:resizeable
		ADDED from src/main/AndroidManifest.xml:23:23-48
	android:anyDensity
		ADDED from src/main/AndroidManifest.xml:27:23-48
uses-sdk
ADDED from src/main/AndroidManifest.xml:29:5-43
MERGED from [face-detection:openCVLibrary320:unspecified] AndroidManifest.xml:7:5-9:41
	android:targetSdkVersion
		INJECTED from src/main/AndroidManifest.xml
		INJECTED from src/main/AndroidManifest.xml
	android:minSdkVersion
		ADDED from src/main/AndroidManifest.xml:29:15-40
		INJECTED from src/main/AndroidManifest.xml
		INJECTED from src/main/AndroidManifest.xml
uses-permission#android.permission.INTERNET
ADDED from src/main/AndroidManifest.xml:31:5-66
	android:name
		ADDED from src/main/AndroidManifest.xml:31:22-64
uses-permission#android.permission.ACCESS_FINE_LOCATION
ADDED from src/main/AndroidManifest.xml:32:5-78
	android:name
		ADDED from src/main/AndroidManifest.xml:32:22-76
uses-permission#android.permission.WRITE_EXTERNAL_STORAGE
ADDED from src/main/AndroidManifest.xml:33:5-80
	android:name
		ADDED from src/main/AndroidManifest.xml:33:22-78
uses-permission#android.permission.CAMERA
ADDED from src/main/AndroidManifest.xml:34:5-65
	android:name
		ADDED from src/main/AndroidManifest.xml:34:22-62
uses-permission#android.permission.RECORD_AUDIO
ADDED from src/main/AndroidManifest.xml:35:5-71
	android:name
		ADDED from src/main/AndroidManifest.xml:35:22-68
uses-permission#android.permission.MOUNT_UNMOUNT_FILESYSTEMS
ADDED from src/main/AndroidManifest.xml:36:5-84
	android:name
		ADDED from src/main/AndroidManifest.xml:36:22-81
uses-permission#android.permission.ACCESS_COARSE_LOCATION
ADDED from src/main/AndroidManifest.xml:37:5-80
	android:name
		ADDED from src/main/AndroidManifest.xml:37:22-78
uses-feature#android.hardware.camera
ADDED from src/main/AndroidManifest.xml:39:5-84
	android:required
		ADDED from src/main/AndroidManifest.xml:39:58-82
	android:name
		ADDED from src/main/AndroidManifest.xml:39:19-57
uses-feature#android.hardware.camera.autofocus
ADDED from src/main/AndroidManifest.xml:40:5-94
	android:required
		ADDED from src/main/AndroidManifest.xml:40:68-92
	android:name
		ADDED from src/main/AndroidManifest.xml:40:19-67
uses-feature#android.hardware.camera.front
ADDED from src/main/AndroidManifest.xml:41:5-90
	android:required
		ADDED from src/main/AndroidManifest.xml:41:64-88
	android:name
		ADDED from src/main/AndroidManifest.xml:41:19-63
uses-feature#android.hardware.camera.front.autofocus
ADDED from src/main/AndroidManifest.xml:42:5-100
	android:required
		ADDED from src/main/AndroidManifest.xml:42:74-98
	android:name
		ADDED from src/main/AndroidManifest.xml:42:19-73